<?xml version="1.0" encoding="UTF-8"?>
<testsuite xmlns:xsi="http://www.w3.org/2001/XMLSchema-instance" xsi:noNamespaceSchemaLocation="https://maven.apache.org/surefire/maven-surefire-plugin/xsd/surefire-test-report.xsd" name="mic.at.nifi.processors.EFTRestProccesor.GetEFTConfigTest" time="0.013" tests="2" errors="0" skipped="0" failures="0">
  <properties>
[...]
</properties>
  <testcase name="testListFiles" classname="mic.at.nifi.processors.EFTRestProccesor.GetEFTConfigTest" time="0.011"/>
  <testcase name="AuthenticationFailure" classname="mic.at.nifi.processors.EFTRestProccesor.GetEFTConfigTest" time="0.002"/>
</testsuite>